2025-09-23 17:22:01,393 - INFO - Model Architecture initialized....
2025-09-23 17:22:01,396 - INFO - Model moved to device
2025-09-23 17:22:01,396 - INFO - Optimizer initialized
2025-09-23 17:22:01,396 - INFO - Optimizer and scheduler initialized
2025-09-23 17:22:01,398 - INFO - Data Processing Initialized.... 
2025-09-23 17:22:01,398 - INFO - Dataset split successfully
2025-09-23 17:22:01,399 - INFO - Starting epoch 1/1
2025-09-23 17:22:01,400 - INFO - Loading data for index 4
2025-09-23 17:22:01,400 - INFO - Image path : artifacts/raw/Images\102.jpeg
2025-09-23 17:22:01,401 - INFO - Loading data for index 0
2025-09-23 17:22:01,437 - INFO - Image path : artifacts/raw/Images\1.jpeg
2025-09-23 17:22:01,437 - INFO - Loading data for index 1
2025-09-23 17:22:01,437 - INFO - Image path : artifacts/raw/Images\10.jpeg
2025-09-23 17:22:52,088 - INFO - Loading data for index 2
2025-09-23 17:22:52,088 - INFO - Image path : artifacts/raw/Images\100.jpeg
2025-09-23 17:23:00,124 - INFO - Epoch 1 - Avg Train Loss: 0.6650
2025-09-23 17:23:00,127 - INFO - Loading data for index 3
2025-09-23 17:23:00,127 - INFO - Image path : artifacts/raw/Images\101.jpeg
2025-09-23 17:23:03,289 - INFO - Epoch 1 - Avg Val Loss: 0.0985
2025-09-23 17:23:03,625 - INFO - Model saved at artifacts/models/fasterrcnn.pth
2025-09-23 17:23:03,625 - INFO - Training completed successfully
2025-09-23 17:28:32,222 - INFO - Model Architecture initialized....
2025-09-23 17:28:32,224 - INFO - Model moved to device
2025-09-23 17:28:32,224 - INFO - Optimizer initialized
2025-09-23 17:28:32,226 - INFO - Data Processing Initialized.... 
2025-09-23 17:28:32,226 - INFO - Dataset split successfully
2025-09-23 17:28:32,226 - INFO - Starting epoch 1/1
2025-09-23 17:28:32,228 - INFO - Loading data for index 0
2025-09-23 17:28:32,228 - INFO - Image path : artifacts/raw/Images\1.jpeg
2025-09-23 17:28:32,230 - INFO - Loading data for index 4
2025-09-23 17:28:32,230 - INFO - Image path : artifacts/raw/Images\102.jpeg
2025-09-23 17:28:32,232 - INFO - Loading data for index 1
2025-09-23 17:28:32,232 - INFO - Image path : artifacts/raw/Images\10.jpeg
2025-09-23 17:29:03,961 - INFO - Loading data for index 2
2025-09-23 17:29:03,961 - INFO - Image path : artifacts/raw/Images\100.jpeg
2025-09-23 17:29:11,400 - INFO - Epoch 1 - Avg Train Loss: 0.4461
2025-09-23 17:29:11,400 - INFO - Loading data for index 3
2025-09-23 17:29:11,400 - INFO - Image path : artifacts/raw/Images\101.jpeg
2025-09-23 17:29:14,352 - INFO - Epoch 1 - Avg Val Loss: 0.1869
2025-09-23 17:29:14,611 - INFO - Model saved at artifacts/models/fasterrcnn.pth
2025-09-23 17:29:14,611 - INFO - Training completed successfully
2025-09-23 17:31:31,757 - INFO - Model Architecture initialized....
2025-09-23 17:31:31,757 - INFO - Model moved to device
2025-09-23 17:31:31,759 - INFO - Optimizer initialized
2025-09-23 17:31:31,760 - INFO - Optimizer and scheduler initialized
2025-09-23 17:31:31,760 - INFO - Data Processing Initialized.... 
2025-09-23 17:31:31,760 - INFO - Dataset split successfully
2025-09-23 17:31:31,760 - INFO - Starting epoch 1/1
2025-09-23 17:31:31,760 - INFO - Loading data for index 3
2025-09-23 17:31:31,760 - INFO - Image path : artifacts/raw/Images\101.jpeg
2025-09-23 17:31:31,760 - INFO - Loading data for index 0
2025-09-23 17:31:31,760 - INFO - Image path : artifacts/raw/Images\1.jpeg
2025-09-23 17:31:31,760 - INFO - Loading data for index 2
2025-09-23 17:31:31,760 - INFO - Image path : artifacts/raw/Images\100.jpeg
2025-09-23 17:31:50,873 - INFO - Loading data for index 1
2025-09-23 17:31:50,874 - INFO - Image path : artifacts/raw/Images\10.jpeg
2025-09-23 17:31:57,814 - INFO - Epoch 1 - Avg Train Loss: 0.4773
2025-09-23 17:31:57,816 - INFO - Loading data for index 4
2025-09-23 17:31:57,816 - INFO - Image path : artifacts/raw/Images\102.jpeg
2025-09-23 17:32:00,307 - INFO - Epoch 1 - Avg Val Loss: 0.2580
2025-09-23 17:32:00,536 - INFO - Model saved at artifacts/models/fasterrcnn.pth
2025-09-23 17:32:00,536 - INFO - Training completed successfully
2025-09-23 21:42:40,570 - INFO - Model Architecture initialized....
2025-09-23 21:42:40,579 - INFO - Model moved to device
2025-09-23 21:42:40,579 - INFO - Optimizer initialized
2025-09-23 21:42:40,579 - INFO - Data Processing Initialized.... 
2025-09-23 21:42:40,579 - INFO - Dataset split successfully
2025-09-23 21:42:40,579 - INFO - Starting epoch 1/1
2025-09-23 21:42:40,595 - INFO - Loading data for index 3
2025-09-23 21:42:40,595 - INFO - Image path : artifacts/raw/Images\101.jpeg
2025-09-23 21:42:40,607 - INFO - Loading data for index 4
2025-09-23 21:42:40,607 - INFO - Image path : artifacts/raw/Images\102.jpeg
2025-09-23 21:42:40,607 - INFO - Loading data for index 1
2025-09-23 21:42:40,607 - INFO - Image path : artifacts/raw/Images\10.jpeg
2025-09-23 21:43:16,082 - INFO - Loading data for index 2
2025-09-23 21:43:16,082 - INFO - Image path : artifacts/raw/Images\100.jpeg
2025-09-23 21:43:23,812 - INFO - Epoch 1 - Avg Train Loss: 0.3762
2025-09-23 21:43:23,812 - INFO - Loading data for index 0
2025-09-23 21:43:23,812 - INFO - Image path : artifacts/raw/Images\1.jpeg
2025-09-23 21:43:26,102 - INFO - Epoch 1 - Avg Val Loss: 0.3342
2025-09-23 21:43:26,358 - INFO - Model saved at artifacts/models/fasterrcnn.pth
2025-09-23 21:43:26,358 - INFO - Training completed successfully
2025-09-23 21:53:30,475 - INFO - Model Architecture initialized....
2025-09-23 21:53:30,475 - INFO - Model moved to device
2025-09-23 21:53:30,475 - INFO - Optimizer initialized
2025-09-23 21:53:30,489 - INFO - Data Processing Initialized.... 
2025-09-23 21:53:30,489 - INFO - Dataset split successfully
2025-09-23 21:53:30,489 - INFO - Starting epoch 1/1
2025-09-23 21:53:30,491 - INFO - Loading data for index 2
2025-09-23 21:53:30,491 - INFO - Image path : artifacts/raw/Images\100.jpeg
2025-09-23 21:53:30,491 - INFO - Loading data for index 1
2025-09-23 21:53:30,491 - INFO - Image path : artifacts/raw/Images\10.jpeg
2025-09-23 21:53:30,491 - INFO - Loading data for index 3
2025-09-23 21:53:30,491 - INFO - Image path : artifacts/raw/Images\101.jpeg
2025-09-23 21:54:04,956 - INFO - Loading data for index 0
2025-09-23 21:54:04,956 - INFO - Image path : artifacts/raw/Images\1.jpeg
2025-09-23 21:54:10,859 - INFO - Epoch 1 - Avg Train Loss: 0.3783
2025-09-23 21:54:10,861 - INFO - Loading data for index 4
2025-09-23 21:54:10,861 - INFO - Image path : artifacts/raw/Images\102.jpeg
2025-09-23 21:54:13,648 - INFO - Epoch 1 - Avg Val Loss: 0.4380
2025-09-23 21:54:13,849 - INFO - Model saved at artifacts/models/fasterrcnn.pth
2025-09-23 21:54:13,849 - INFO - Training completed successfully
2025-09-23 22:27:38,104 - INFO - Model Architecture initialized....
2025-09-23 22:27:38,105 - INFO - Model moved to device
2025-09-23 22:27:38,106 - INFO - Optimizer initialized
2025-09-23 22:27:38,106 - INFO - Data Processing Initialized.... 
2025-09-23 22:27:38,106 - INFO - Dataset split successfully
2025-09-23 22:27:38,106 - INFO - Starting epoch 1/1
2025-09-23 22:27:38,108 - INFO - Loading data for index 4
2025-09-23 22:27:38,109 - INFO - Image path : artifacts/raw/Images\102.jpeg
2025-09-23 22:27:38,119 - INFO - Loading data for index 3
2025-09-23 22:27:38,119 - INFO - Image path : artifacts/raw/Images\101.jpeg
2025-09-23 22:27:38,128 - INFO - Loading data for index 1
2025-09-23 22:27:38,128 - INFO - Image path : artifacts/raw/Images\10.jpeg
2025-09-23 22:28:16,436 - INFO - Loading data for index 2
2025-09-23 22:28:16,437 - INFO - Image path : artifacts/raw/Images\100.jpeg
2025-09-23 22:28:23,742 - INFO - Epoch 1 - Avg Train Loss: 0.4946
2025-09-23 22:28:23,746 - INFO - Loading data for index 0
2025-09-23 22:28:23,746 - INFO - Image path : artifacts/raw/Images\1.jpeg
2025-09-23 22:28:25,898 - INFO - Epoch 1 - Avg Val Loss: 0.1255
2025-09-23 22:28:26,094 - INFO - Model saved at artifacts/models/fasterrcnn.pth
2025-09-23 22:28:26,094 - INFO - Training completed successfully
2025-09-23 22:35:04,131 - INFO - Model Architecture initialized....
2025-09-23 22:35:04,133 - INFO - Model moved to device
2025-09-23 22:35:04,133 - INFO - Optimizer initialized
2025-09-23 22:35:04,135 - INFO - Data Processing Initialized.... 
2025-09-23 22:35:04,135 - INFO - Dataset split successfully
2025-09-23 22:35:04,135 - INFO - Starting epoch 1/1
2025-09-23 22:35:04,135 - INFO - Loading data for index 175
2025-09-23 22:35:04,135 - INFO - Image path : artifacts/raw/Images\257.jpeg
2025-09-23 22:35:04,141 - INFO - Loading data for index 224
2025-09-23 22:35:04,143 - INFO - Image path : artifacts/raw/Images\300.jpeg
2025-09-23 22:35:04,153 - INFO - Loading data for index 292
2025-09-23 22:35:04,155 - INFO - Image path : artifacts/raw/Images\62.jpeg
2025-09-23 22:35:37,022 - INFO - Loading data for index 11
2025-09-23 22:35:37,022 - INFO - Image path : artifacts/raw/Images\109.jpeg
2025-09-23 22:35:37,062 - INFO - Loading data for index 273
2025-09-23 22:35:37,063 - INFO - Image path : artifacts/raw/Images\45.jpeg
2025-09-23 22:35:37,065 - INFO - Loading data for index 251
2025-09-23 22:35:37,065 - INFO - Image path : artifacts/raw/Images\325.jpeg
2025-09-23 22:35:56,212 - INFO - Loading data for index 280
2025-09-23 22:35:56,212 - INFO - Image path : artifacts/raw/Images\51.jpeg
2025-09-23 22:35:56,251 - INFO - Loading data for index 34
2025-09-23 22:35:56,251 - INFO - Image path : artifacts/raw/Images\13.jpeg
2025-09-23 22:35:56,257 - INFO - Loading data for index 247
2025-09-23 22:35:56,257 - INFO - Image path : artifacts/raw/Images\321.jpeg
2025-09-23 22:36:15,080 - INFO - Loading data for index 250
2025-09-23 22:36:15,080 - INFO - Image path : artifacts/raw/Images\324.jpeg
2025-09-23 22:36:15,117 - INFO - Loading data for index 274
2025-09-23 22:36:15,117 - INFO - Image path : artifacts/raw/Images\46.jpeg
2025-09-23 22:36:15,117 - INFO - Loading data for index 233
2025-09-23 22:36:15,117 - INFO - Image path : artifacts/raw/Images\309.jpeg
2025-09-23 22:36:34,671 - INFO - Loading data for index 147
2025-09-23 22:36:34,671 - INFO - Image path : artifacts/raw/Images\231.jpeg
2025-09-23 22:36:34,712 - INFO - Loading data for index 80
2025-09-23 22:36:34,712 - INFO - Image path : artifacts/raw/Images\171.jpeg
2025-09-23 22:36:34,724 - INFO - Loading data for index 74
2025-09-23 22:36:34,724 - INFO - Image path : artifacts/raw/Images\166.jpeg
2025-09-23 22:37:17,793 - INFO - Loading data for index 283
2025-09-23 22:37:17,793 - INFO - Image path : artifacts/raw/Images\54.jpeg
2025-09-23 22:37:17,838 - INFO - Loading data for index 204
2025-09-23 22:37:17,838 - INFO - Image path : artifacts/raw/Images\283.jpeg
2025-09-23 22:37:17,840 - INFO - Loading data for index 121
2025-09-23 22:37:17,840 - INFO - Image path : artifacts/raw/Images\208.jpeg
2025-09-23 22:37:48,770 - INFO - Loading data for index 241
2025-09-23 22:37:48,770 - INFO - Image path : artifacts/raw/Images\316.jpeg
2025-09-23 22:37:48,792 - INFO - Loading data for index 161
2025-09-23 22:37:48,792 - INFO - Image path : artifacts/raw/Images\244.jpeg
2025-09-23 22:37:48,795 - INFO - Loading data for index 26
2025-09-23 22:37:48,795 - INFO - Image path : artifacts/raw/Images\122.jpeg
2025-09-23 22:38:24,436 - INFO - Loading data for index 214
2025-09-23 22:38:24,436 - INFO - Image path : artifacts/raw/Images\292.jpeg
2025-09-23 22:38:24,479 - INFO - Loading data for index 77
2025-09-23 22:38:24,479 - INFO - Image path : artifacts/raw/Images\169.jpeg
2025-09-23 22:38:24,486 - INFO - Loading data for index 153
2025-09-23 22:38:24,486 - INFO - Image path : artifacts/raw/Images\237.jpeg
2025-09-23 22:39:15,789 - INFO - Loading data for index 159
2025-09-23 22:39:15,789 - INFO - Image path : artifacts/raw/Images\242.jpeg
2025-09-23 22:39:15,815 - INFO - Loading data for index 258
2025-09-23 22:39:15,815 - INFO - Image path : artifacts/raw/Images\331.jpeg
2025-09-23 22:39:15,815 - INFO - Loading data for index 226
2025-09-23 22:39:15,815 - INFO - Image path : artifacts/raw/Images\302.jpeg
2025-09-23 22:40:03,490 - INFO - Loading data for index 146
2025-09-23 22:40:03,490 - INFO - Image path : artifacts/raw/Images\230.jpeg
2025-09-23 22:40:03,533 - INFO - Loading data for index 50
2025-09-23 22:40:03,533 - INFO - Image path : artifacts/raw/Images\144.jpeg
2025-09-23 22:40:03,559 - INFO - Loading data for index 21
2025-09-23 22:40:03,559 - INFO - Image path : artifacts/raw/Images\118.jpeg
2025-09-23 22:40:49,190 - INFO - Loading data for index 88
2025-09-23 22:40:49,190 - INFO - Image path : artifacts/raw/Images\179.jpeg
2025-09-23 22:40:49,233 - INFO - Loading data for index 187
2025-09-23 22:40:49,233 - INFO - Image path : artifacts/raw/Images\268.jpeg
2025-09-23 22:40:49,240 - INFO - Loading data for index 19
2025-09-23 22:40:49,240 - INFO - Image path : artifacts/raw/Images\116.jpeg
2025-09-23 22:41:28,252 - INFO - Loading data for index 237
2025-09-23 22:41:28,252 - INFO - Image path : artifacts/raw/Images\312.jpeg
2025-09-23 22:41:28,293 - INFO - Loading data for index 223
2025-09-23 22:41:28,293 - INFO - Image path : artifacts/raw/Images\30.jpeg
2025-09-23 22:41:28,293 - INFO - Loading data for index 68
2025-09-23 22:41:28,293 - INFO - Image path : artifacts/raw/Images\160.jpeg
2025-09-23 22:41:48,175 - INFO - Loading data for index 259
2025-09-23 22:41:48,175 - INFO - Image path : artifacts/raw/Images\332.jpeg
2025-09-23 22:41:48,185 - INFO - Loading data for index 93
2025-09-23 22:41:48,185 - INFO - Image path : artifacts/raw/Images\183.jpeg
2025-09-23 22:41:48,187 - INFO - Loading data for index 279
2025-09-23 22:41:48,187 - INFO - Image path : artifacts/raw/Images\50.jpeg
2025-09-23 22:42:11,607 - INFO - Loading data for index 12
2025-09-23 22:42:11,607 - INFO - Image path : artifacts/raw/Images\11.jpeg
2025-09-23 22:42:11,644 - INFO - Loading data for index 286
2025-09-23 22:42:11,644 - INFO - Image path : artifacts/raw/Images\57.jpeg
2025-09-23 22:42:11,660 - INFO - Loading data for index 133
2025-09-23 22:42:11,660 - INFO - Image path : artifacts/raw/Images\219.jpeg
2025-09-23 22:42:40,489 - INFO - Loading data for index 151
2025-09-23 22:42:40,489 - INFO - Image path : artifacts/raw/Images\235.jpeg
2025-09-23 22:42:40,495 - INFO - Loading data for index 193
2025-09-23 22:42:40,495 - INFO - Image path : artifacts/raw/Images\273.jpeg
2025-09-23 22:42:40,499 - INFO - Loading data for index 240
2025-09-23 22:42:40,499 - INFO - Image path : artifacts/raw/Images\315.jpeg
2025-09-23 22:43:04,838 - INFO - Loading data for index 92
2025-09-23 22:43:04,838 - INFO - Image path : artifacts/raw/Images\182.jpeg
2025-09-23 22:43:04,844 - INFO - Loading data for index 13
2025-09-23 22:43:04,844 - INFO - Image path : artifacts/raw/Images\110.jpeg
2025-09-23 22:43:04,857 - INFO - Loading data for index 246
2025-09-23 22:43:04,857 - INFO - Image path : artifacts/raw/Images\320.jpeg
2025-09-23 22:43:52,474 - INFO - Loading data for index 98
2025-09-23 22:43:52,474 - INFO - Image path : artifacts/raw/Images\188.jpeg
2025-09-23 22:43:52,524 - INFO - Loading data for index 131
2025-09-23 22:43:52,524 - INFO - Image path : artifacts/raw/Images\217.jpeg
2025-09-23 22:43:52,524 - INFO - Loading data for index 139
2025-09-23 22:43:52,524 - INFO - Image path : artifacts/raw/Images\224.jpeg
2025-09-23 22:44:42,086 - INFO - Loading data for index 270
2025-09-23 22:44:42,086 - INFO - Image path : artifacts/raw/Images\42.jpeg
2025-09-23 22:44:42,144 - INFO - Loading data for index 230
2025-09-23 22:44:42,144 - INFO - Image path : artifacts/raw/Images\306.jpeg
2025-09-23 22:44:42,159 - INFO - Loading data for index 102
2025-09-23 22:44:42,159 - INFO - Image path : artifacts/raw/Images\191.jpeg
2025-09-23 22:45:13,480 - INFO - Loading data for index 25
2025-09-23 22:45:13,480 - INFO - Image path : artifacts/raw/Images\121.jpeg
2025-09-23 22:45:13,531 - INFO - Loading data for index 195
2025-09-23 22:45:13,531 - INFO - Image path : artifacts/raw/Images\275.jpeg
2025-09-23 22:45:13,551 - INFO - Loading data for index 215
2025-09-23 22:45:13,551 - INFO - Image path : artifacts/raw/Images\293.jpeg
2025-09-23 22:46:28,848 - INFO - Loading data for index 78
2025-09-23 22:46:28,850 - INFO - Image path : artifacts/raw/Images\17.jpeg
2025-09-23 22:46:28,938 - INFO - Loading data for index 275
2025-09-23 22:46:28,938 - INFO - Image path : artifacts/raw/Images\47.jpeg
2025-09-23 22:46:28,949 - INFO - Loading data for index 122
2025-09-23 22:46:28,949 - INFO - Image path : artifacts/raw/Images\209.jpeg
2025-09-23 22:47:17,129 - INFO - Loading data for index 123
2025-09-23 22:47:17,129 - INFO - Image path : artifacts/raw/Images\21.jpeg
2025-09-23 22:47:17,135 - INFO - Loading data for index 294
2025-09-23 22:47:17,135 - INFO - Image path : artifacts/raw/Images\64.jpeg
2025-09-23 22:47:17,156 - INFO - Loading data for index 41
2025-09-23 22:47:17,156 - INFO - Image path : artifacts/raw/Images\136.jpeg
2025-09-23 22:48:26,049 - INFO - Loading data for index 183
2025-09-23 22:48:26,049 - INFO - Image path : artifacts/raw/Images\264.jpeg
2025-09-23 22:48:26,092 - INFO - Loading data for index 290
2025-09-23 22:48:26,098 - INFO - Image path : artifacts/raw/Images\60.jpeg
2025-09-23 22:48:26,098 - INFO - Loading data for index 236
2025-09-23 22:48:26,098 - INFO - Image path : artifacts/raw/Images\311.jpeg
2025-09-23 22:49:10,136 - INFO - Loading data for index 272
2025-09-23 22:49:10,136 - INFO - Image path : artifacts/raw/Images\44.jpeg
2025-09-23 22:49:10,154 - INFO - Loading data for index 266
2025-09-23 22:49:10,154 - INFO - Image path : artifacts/raw/Images\39.jpeg
2025-09-23 22:49:10,157 - INFO - Loading data for index 132
2025-09-23 22:49:10,157 - INFO - Image path : artifacts/raw/Images\218.jpeg
2025-09-23 22:49:44,841 - INFO - Loading data for index 115
2025-09-23 22:49:44,841 - INFO - Image path : artifacts/raw/Images\202.jpeg
2025-09-23 22:49:44,841 - INFO - Loading data for index 168
2025-09-23 22:49:44,841 - INFO - Image path : artifacts/raw/Images\250.jpeg
2025-09-23 22:49:44,849 - INFO - Loading data for index 135
2025-09-23 22:49:44,849 - INFO - Image path : artifacts/raw/Images\220.jpeg
2025-09-23 22:50:31,248 - INFO - Loading data for index 149
2025-09-23 22:50:31,248 - INFO - Image path : artifacts/raw/Images\233.jpeg
2025-09-23 22:50:31,275 - INFO - Loading data for index 163
2025-09-23 22:50:31,275 - INFO - Image path : artifacts/raw/Images\246.jpeg
2025-09-23 22:50:31,305 - INFO - Loading data for index 126
2025-09-23 22:50:31,305 - INFO - Image path : artifacts/raw/Images\212.jpeg
2025-09-23 22:51:18,507 - INFO - Loading data for index 48
2025-09-23 22:51:18,507 - INFO - Image path : artifacts/raw/Images\142.jpeg
2025-09-23 22:51:18,507 - INFO - Loading data for index 51
2025-09-23 22:51:18,507 - INFO - Image path : artifacts/raw/Images\145.jpeg
2025-09-23 22:51:18,533 - INFO - Loading data for index 298
2025-09-23 22:51:18,533 - INFO - Image path : artifacts/raw/Images\68.jpeg
2025-09-23 22:52:07,840 - INFO - Loading data for index 244
2025-09-23 22:52:07,840 - INFO - Image path : artifacts/raw/Images\319.jpeg
2025-09-23 22:52:07,925 - INFO - Loading data for index 112
2025-09-23 22:52:07,925 - INFO - Image path : artifacts/raw/Images\20.jpeg
2025-09-23 22:52:07,952 - INFO - Loading data for index 156
2025-09-23 22:52:07,952 - INFO - Image path : artifacts/raw/Images\24.jpeg
2025-09-23 22:53:10,926 - INFO - Loading data for index 14
2025-09-23 22:53:10,926 - INFO - Image path : artifacts/raw/Images\111.jpeg
2025-09-23 22:53:10,949 - INFO - Loading data for index 117
2025-09-23 22:53:10,949 - INFO - Image path : artifacts/raw/Images\204.jpeg
2025-09-23 22:53:10,976 - INFO - Loading data for index 192
2025-09-23 22:53:10,976 - INFO - Image path : artifacts/raw/Images\272.jpeg
2025-09-23 22:53:58,798 - INFO - Loading data for index 238
2025-09-23 22:53:58,798 - INFO - Image path : artifacts/raw/Images\313.jpeg
2025-09-23 22:53:58,829 - INFO - Loading data for index 269
2025-09-23 22:53:58,829 - INFO - Image path : artifacts/raw/Images\41.jpeg
2025-09-23 22:53:58,855 - INFO - Loading data for index 296
2025-09-23 22:53:58,855 - INFO - Image path : artifacts/raw/Images\66.jpeg
2025-09-23 22:54:52,080 - INFO - Loading data for index 1
2025-09-23 22:54:52,080 - INFO - Image path : artifacts/raw/Images\10.jpeg
2025-09-23 22:54:52,120 - INFO - Loading data for index 249
2025-09-23 22:54:52,120 - INFO - Image path : artifacts/raw/Images\323.jpeg
2025-09-23 22:54:52,123 - INFO - Loading data for index 62
2025-09-23 22:54:52,127 - INFO - Image path : artifacts/raw/Images\155.jpeg
2025-09-23 22:56:13,244 - INFO - Loading data for index 158
2025-09-23 22:56:13,244 - INFO - Image path : artifacts/raw/Images\241.jpeg
2025-09-23 22:56:13,315 - INFO - Loading data for index 165
2025-09-23 22:56:13,315 - INFO - Image path : artifacts/raw/Images\248.jpeg
2025-09-23 22:56:13,337 - INFO - Loading data for index 143
2025-09-23 22:56:13,337 - INFO - Image path : artifacts/raw/Images\228.jpeg
2025-09-23 22:57:02,922 - INFO - Loading data for index 213
2025-09-23 22:57:02,922 - INFO - Image path : artifacts/raw/Images\291.jpeg
2025-09-23 22:57:03,008 - INFO - Loading data for index 229
2025-09-23 22:57:03,011 - INFO - Image path : artifacts/raw/Images\305.jpeg
2025-09-23 22:57:03,018 - INFO - Loading data for index 255
2025-09-23 22:57:03,018 - INFO - Image path : artifacts/raw/Images\329.jpeg
2025-09-23 22:57:55,496 - INFO - Loading data for index 87
2025-09-23 22:57:55,498 - INFO - Image path : artifacts/raw/Images\178.jpeg
2025-09-23 22:57:55,559 - INFO - Loading data for index 174
2025-09-23 22:57:55,559 - INFO - Image path : artifacts/raw/Images\256.jpeg
2025-09-23 22:57:55,559 - INFO - Loading data for index 28
2025-09-23 22:57:55,559 - INFO - Image path : artifacts/raw/Images\124.jpeg
2025-09-23 22:58:48,633 - INFO - Loading data for index 243
2025-09-23 22:58:48,635 - INFO - Image path : artifacts/raw/Images\318.jpeg
2025-09-23 22:58:48,667 - INFO - Loading data for index 49
2025-09-23 22:58:48,667 - INFO - Image path : artifacts/raw/Images\143.jpeg
2025-09-23 22:58:48,695 - INFO - Loading data for index 124
2025-09-23 22:58:48,695 - INFO - Image path : artifacts/raw/Images\210.jpeg
2025-09-23 22:59:41,319 - INFO - Loading data for index 169
2025-09-23 22:59:41,319 - INFO - Image path : artifacts/raw/Images\251.jpeg
2025-09-23 22:59:41,374 - INFO - Loading data for index 205
2025-09-23 22:59:41,374 - INFO - Image path : artifacts/raw/Images\284.jpeg
2025-09-23 22:59:41,405 - INFO - Loading data for index 254
2025-09-23 22:59:41,405 - INFO - Image path : artifacts/raw/Images\328.jpeg
2025-09-23 23:00:32,917 - INFO - Loading data for index 113
2025-09-23 23:00:32,917 - INFO - Image path : artifacts/raw/Images\200.jpeg
2025-09-23 23:00:32,962 - INFO - Loading data for index 191
2025-09-23 23:00:32,962 - INFO - Image path : artifacts/raw/Images\271.jpeg
2025-09-23 23:00:32,962 - INFO - Loading data for index 278
2025-09-23 23:00:32,962 - INFO - Image path : artifacts/raw/Images\5.jpeg
2025-09-23 23:01:24,599 - INFO - Loading data for index 103
2025-09-23 23:01:24,599 - INFO - Image path : artifacts/raw/Images\192.jpeg
2025-09-23 23:01:24,621 - INFO - Loading data for index 32
2025-09-23 23:01:24,621 - INFO - Image path : artifacts/raw/Images\128.jpeg
2025-09-23 23:01:24,646 - INFO - Loading data for index 75
2025-09-23 23:01:24,646 - INFO - Image path : artifacts/raw/Images\167.jpeg
2025-09-23 23:02:40,100 - INFO - Loading data for index 199
2025-09-23 23:02:40,100 - INFO - Image path : artifacts/raw/Images\279.jpeg
2025-09-23 23:02:40,172 - INFO - Loading data for index 264
2025-09-23 23:02:40,172 - INFO - Image path : artifacts/raw/Images\37.jpeg
2025-09-23 23:02:40,179 - INFO - Loading data for index 288
2025-09-23 23:02:40,179 - INFO - Image path : artifacts/raw/Images\59.jpeg
2025-09-23 23:03:32,565 - INFO - Loading data for index 155
2025-09-23 23:03:32,567 - INFO - Image path : artifacts/raw/Images\239.jpeg
2025-09-23 23:03:32,636 - INFO - Loading data for index 69
2025-09-23 23:03:32,636 - INFO - Image path : artifacts/raw/Images\161.jpeg
2025-09-23 23:03:32,674 - INFO - Loading data for index 179
2025-09-23 23:03:32,674 - INFO - Image path : artifacts/raw/Images\260.jpeg
2025-09-23 23:03:58,157 - INFO - Loading data for index 148
2025-09-23 23:03:58,157 - INFO - Image path : artifacts/raw/Images\232.jpeg
2025-09-23 23:03:58,158 - INFO - Loading data for index 201
2025-09-23 23:03:58,158 - INFO - Image path : artifacts/raw/Images\280.jpeg
2025-09-23 23:03:58,158 - INFO - Loading data for index 20
2025-09-23 23:03:58,158 - INFO - Image path : artifacts/raw/Images\117.jpeg
2025-09-23 23:04:15,413 - INFO - Loading data for index 216
2025-09-23 23:04:15,413 - INFO - Image path : artifacts/raw/Images\294.jpeg
2025-09-23 23:04:15,652 - INFO - Loading data for index 79
2025-09-23 23:04:15,652 - INFO - Image path : artifacts/raw/Images\170.jpeg
2025-09-23 23:04:15,676 - INFO - Loading data for index 130
2025-09-23 23:04:15,676 - INFO - Image path : artifacts/raw/Images\216.jpeg
2025-09-23 23:04:35,421 - INFO - Loading data for index 70
2025-09-23 23:04:35,421 - INFO - Image path : artifacts/raw/Images\162.jpeg
2025-09-23 23:04:35,479 - INFO - Loading data for index 60
2025-09-23 23:04:35,479 - INFO - Image path : artifacts/raw/Images\153.jpeg
2025-09-23 23:04:35,485 - INFO - Loading data for index 281
2025-09-23 23:04:35,485 - INFO - Image path : artifacts/raw/Images\52.jpeg
2025-09-23 23:04:54,991 - INFO - Loading data for index 119
2025-09-23 23:04:54,992 - INFO - Image path : artifacts/raw/Images\206.jpeg
2025-09-23 23:04:54,998 - INFO - Loading data for index 154
2025-09-23 23:04:54,998 - INFO - Image path : artifacts/raw/Images\238.jpeg
2025-09-23 23:04:55,008 - INFO - Loading data for index 97
2025-09-23 23:04:55,008 - INFO - Image path : artifacts/raw/Images\187.jpeg
2025-09-23 23:05:14,703 - INFO - Loading data for index 136
2025-09-23 23:05:14,703 - INFO - Image path : artifacts/raw/Images\221.jpeg
2025-09-23 23:05:14,751 - INFO - Loading data for index 73
2025-09-23 23:05:14,751 - INFO - Image path : artifacts/raw/Images\165.jpeg
2025-09-23 23:05:14,781 - INFO - Loading data for index 295
2025-09-23 23:05:14,781 - INFO - Image path : artifacts/raw/Images\65.jpeg
2025-09-23 23:05:36,177 - INFO - Loading data for index 138
2025-09-23 23:05:36,177 - INFO - Image path : artifacts/raw/Images\223.jpeg
2025-09-23 23:05:36,220 - INFO - Loading data for index 268
2025-09-23 23:05:36,220 - INFO - Image path : artifacts/raw/Images\40.jpeg
2025-09-23 23:05:36,242 - INFO - Loading data for index 263
2025-09-23 23:05:36,242 - INFO - Image path : artifacts/raw/Images\36.jpeg
2025-09-23 23:05:55,849 - INFO - Loading data for index 23
2025-09-23 23:05:55,849 - INFO - Image path : artifacts/raw/Images\12.jpeg
2025-09-23 23:05:55,896 - INFO - Loading data for index 197
2025-09-23 23:05:55,896 - INFO - Image path : artifacts/raw/Images\277.jpeg
2025-09-23 23:05:55,899 - INFO - Loading data for index 9
2025-09-23 23:05:55,899 - INFO - Image path : artifacts/raw/Images\107.jpeg
2025-09-23 23:06:19,228 - INFO - Loading data for index 0
2025-09-23 23:06:19,228 - INFO - Image path : artifacts/raw/Images\1.jpeg
2025-09-23 23:06:19,234 - INFO - Loading data for index 217
2025-09-23 23:06:19,234 - INFO - Image path : artifacts/raw/Images\295.jpeg
2025-09-23 23:06:19,242 - INFO - Loading data for index 6
2025-09-23 23:06:19,242 - INFO - Image path : artifacts/raw/Images\104.jpeg
2025-09-23 23:06:46,432 - INFO - Loading data for index 219
2025-09-23 23:06:46,432 - INFO - Image path : artifacts/raw/Images\297.jpeg
2025-09-23 23:06:46,443 - INFO - Loading data for index 262
2025-09-23 23:06:46,443 - INFO - Image path : artifacts/raw/Images\35.jpeg
2025-09-23 23:06:46,458 - INFO - Loading data for index 177
2025-09-23 23:06:46,458 - INFO - Image path : artifacts/raw/Images\259.jpeg
2025-09-23 23:07:13,464 - INFO - Loading data for index 210
2025-09-23 23:07:13,464 - INFO - Image path : artifacts/raw/Images\289.jpeg
2025-09-23 23:07:13,496 - INFO - Loading data for index 81
2025-09-23 23:07:13,496 - INFO - Image path : artifacts/raw/Images\172.jpeg
2025-09-23 23:07:13,503 - INFO - Loading data for index 66
2025-09-23 23:07:13,506 - INFO - Image path : artifacts/raw/Images\159.jpeg
2025-09-23 23:07:40,052 - INFO - Loading data for index 89
2025-09-23 23:07:40,052 - INFO - Image path : artifacts/raw/Images\18.jpeg
2025-09-23 23:07:40,069 - INFO - Loading data for index 110
2025-09-23 23:07:40,069 - INFO - Image path : artifacts/raw/Images\199.jpeg
2025-09-23 23:07:40,069 - INFO - Loading data for index 37
2025-09-23 23:07:40,069 - INFO - Image path : artifacts/raw/Images\132.jpeg
2025-09-23 23:08:12,880 - INFO - Loading data for index 239
2025-09-23 23:08:12,880 - INFO - Image path : artifacts/raw/Images\314.jpeg
2025-09-23 23:08:12,899 - INFO - Loading data for index 15
2025-09-23 23:08:12,899 - INFO - Image path : artifacts/raw/Images\112.jpeg
2025-09-23 23:08:12,906 - INFO - Loading data for index 17
2025-09-23 23:08:12,906 - INFO - Image path : artifacts/raw/Images\114.jpeg
2025-09-23 23:08:38,380 - INFO - Loading data for index 190
2025-09-23 23:08:38,380 - INFO - Image path : artifacts/raw/Images\270.jpeg
2025-09-23 23:08:38,390 - INFO - Loading data for index 181
2025-09-23 23:08:38,390 - INFO - Image path : artifacts/raw/Images\262.jpeg
2025-09-23 23:08:38,404 - INFO - Loading data for index 150
2025-09-23 23:08:38,404 - INFO - Image path : artifacts/raw/Images\234.jpeg
2025-09-23 23:09:04,662 - INFO - Loading data for index 232
2025-09-23 23:09:04,662 - INFO - Image path : artifacts/raw/Images\308.jpeg
2025-09-23 23:09:04,669 - INFO - Loading data for index 7
2025-09-23 23:09:04,669 - INFO - Image path : artifacts/raw/Images\105.jpeg
2025-09-23 23:09:04,688 - INFO - Loading data for index 67
2025-09-23 23:09:04,690 - INFO - Image path : artifacts/raw/Images\16.jpeg
2025-09-23 23:09:31,044 - INFO - Loading data for index 141
2025-09-23 23:09:31,044 - INFO - Image path : artifacts/raw/Images\226.jpeg
2025-09-23 23:09:31,063 - INFO - Loading data for index 43
2025-09-23 23:09:31,063 - INFO - Image path : artifacts/raw/Images\138.jpeg
2025-09-23 23:09:31,082 - INFO - Loading data for index 208
2025-09-23 23:09:31,083 - INFO - Image path : artifacts/raw/Images\287.jpeg
2025-09-23 23:09:55,413 - INFO - Loading data for index 140
2025-09-23 23:09:55,413 - INFO - Image path : artifacts/raw/Images\225.jpeg
2025-09-23 23:09:55,418 - INFO - Loading data for index 82
2025-09-23 23:09:55,418 - INFO - Image path : artifacts/raw/Images\173.jpeg
2025-09-23 23:09:55,430 - INFO - Loading data for index 180
2025-09-23 23:09:55,430 - INFO - Image path : artifacts/raw/Images\261.jpeg
2025-09-23 23:10:22,417 - INFO - Loading data for index 206
2025-09-23 23:10:22,417 - INFO - Image path : artifacts/raw/Images\285.jpeg
2025-09-23 23:10:22,424 - INFO - Loading data for index 202
2025-09-23 23:10:22,424 - INFO - Image path : artifacts/raw/Images\281.jpeg
2025-09-23 23:10:22,439 - INFO - Loading data for index 90
2025-09-23 23:10:22,439 - INFO - Image path : artifacts/raw/Images\180.jpeg
2025-09-23 23:11:00,623 - INFO - Loading data for index 287
2025-09-23 23:11:00,624 - INFO - Image path : artifacts/raw/Images\58.jpeg
2025-09-23 23:11:00,640 - INFO - Loading data for index 101
2025-09-23 23:11:00,640 - INFO - Image path : artifacts/raw/Images\190.jpeg
2025-09-23 23:11:00,660 - INFO - Loading data for index 108
2025-09-23 23:11:00,660 - INFO - Image path : artifacts/raw/Images\197.jpeg
2025-09-23 23:11:25,343 - INFO - Loading data for index 76
2025-09-23 23:11:25,343 - INFO - Image path : artifacts/raw/Images\168.jpeg
2025-09-23 23:11:25,350 - INFO - Loading data for index 86
2025-09-23 23:11:25,350 - INFO - Image path : artifacts/raw/Images\177.jpeg
2025-09-23 23:11:25,368 - INFO - Loading data for index 100
2025-09-23 23:11:25,368 - INFO - Image path : artifacts/raw/Images\19.jpeg
2025-09-23 23:12:00,206 - INFO - Loading data for index 3
2025-09-23 23:12:00,206 - INFO - Image path : artifacts/raw/Images\101.jpeg
2025-09-23 23:12:00,208 - INFO - Loading data for index 39
2025-09-23 23:12:00,208 - INFO - Image path : artifacts/raw/Images\134.jpeg
2025-09-23 23:12:00,221 - INFO - Loading data for index 33
2025-09-23 23:12:00,221 - INFO - Image path : artifacts/raw/Images\129.jpeg
2025-09-23 23:12:27,795 - INFO - Loading data for index 8
2025-09-23 23:12:27,795 - INFO - Image path : artifacts/raw/Images\106.jpeg
2025-09-23 23:12:27,802 - INFO - Loading data for index 36
2025-09-23 23:12:27,802 - INFO - Image path : artifacts/raw/Images\131.jpeg
2025-09-23 23:12:27,802 - INFO - Loading data for index 29
2025-09-23 23:12:27,802 - INFO - Image path : artifacts/raw/Images\125.jpeg
2025-09-23 23:12:53,634 - INFO - Loading data for index 157
2025-09-23 23:12:53,634 - INFO - Image path : artifacts/raw/Images\240.jpeg
2025-09-23 23:12:53,652 - INFO - Loading data for index 261
2025-09-23 23:12:53,652 - INFO - Image path : artifacts/raw/Images\34.jpeg
2025-09-23 23:12:53,668 - INFO - Loading data for index 18
2025-09-23 23:12:53,668 - INFO - Image path : artifacts/raw/Images\115.jpeg
2025-09-23 23:13:16,614 - INFO - Loading data for index 299
2025-09-23 23:13:16,614 - INFO - Image path : artifacts/raw/Images\69.jpeg
2025-09-23 23:13:16,650 - INFO - Loading data for index 198
2025-09-23 23:13:16,650 - INFO - Image path : artifacts/raw/Images\278.jpeg
2025-09-23 23:13:16,667 - INFO - Loading data for index 109
2025-09-23 23:13:16,667 - INFO - Image path : artifacts/raw/Images\198.jpeg
2025-09-23 23:13:42,616 - INFO - Loading data for index 91
2025-09-23 23:13:42,616 - INFO - Image path : artifacts/raw/Images\181.jpeg
2025-09-23 23:13:42,633 - INFO - Loading data for index 297
2025-09-23 23:13:42,633 - INFO - Image path : artifacts/raw/Images\67.jpeg
2025-09-23 23:13:42,659 - INFO - Loading data for index 116
2025-09-23 23:13:42,660 - INFO - Image path : artifacts/raw/Images\203.jpeg
2025-09-23 23:14:20,312 - INFO - Loading data for index 252
2025-09-23 23:14:20,312 - INFO - Image path : artifacts/raw/Images\326.jpeg
2025-09-23 23:14:20,336 - INFO - Loading data for index 167
2025-09-23 23:14:20,336 - INFO - Image path : artifacts/raw/Images\25.jpeg
2025-09-23 23:14:20,344 - INFO - Loading data for index 54
2025-09-23 23:14:20,344 - INFO - Image path : artifacts/raw/Images\148.jpeg
2025-09-23 23:14:47,289 - INFO - Loading data for index 95
2025-09-23 23:14:47,289 - INFO - Image path : artifacts/raw/Images\185.jpeg
2025-09-23 23:14:47,304 - INFO - Loading data for index 231
2025-09-23 23:14:47,304 - INFO - Image path : artifacts/raw/Images\307.jpeg
2025-09-23 23:14:47,310 - INFO - Loading data for index 42
2025-09-23 23:14:47,310 - INFO - Image path : artifacts/raw/Images\137.jpeg
2025-09-23 23:15:15,367 - INFO - Loading data for index 203
2025-09-23 23:15:15,367 - INFO - Image path : artifacts/raw/Images\282.jpeg
2025-09-23 23:15:15,382 - INFO - Loading data for index 144
2025-09-23 23:15:15,382 - INFO - Image path : artifacts/raw/Images\229.jpeg
2025-09-23 23:15:15,414 - INFO - Loading data for index 27
2025-09-23 23:15:15,414 - INFO - Image path : artifacts/raw/Images\123.jpeg
2025-09-23 23:15:42,954 - INFO - Loading data for index 85
2025-09-23 23:15:42,954 - INFO - Image path : artifacts/raw/Images\176.jpeg
2025-09-23 23:15:42,960 - INFO - Loading data for index 61
2025-09-23 23:15:42,960 - INFO - Image path : artifacts/raw/Images\154.jpeg
2025-09-23 23:15:42,965 - INFO - Loading data for index 125
2025-09-23 23:15:42,965 - INFO - Image path : artifacts/raw/Images\211.jpeg
2025-09-23 23:16:09,656 - INFO - Loading data for index 265
2025-09-23 23:16:09,656 - INFO - Image path : artifacts/raw/Images\38.jpeg
2025-09-23 23:16:09,665 - INFO - Loading data for index 35
2025-09-23 23:16:09,665 - INFO - Image path : artifacts/raw/Images\130.jpeg
2025-09-23 23:16:09,684 - INFO - Loading data for index 145
2025-09-23 23:16:09,684 - INFO - Image path : artifacts/raw/Images\23.jpeg
2025-09-23 23:16:49,437 - INFO - Loading data for index 182
2025-09-23 23:16:49,437 - INFO - Image path : artifacts/raw/Images\263.jpeg
2025-09-23 23:16:49,449 - INFO - Loading data for index 211
2025-09-23 23:16:49,449 - INFO - Image path : artifacts/raw/Images\29.jpeg
2025-09-23 23:16:49,465 - INFO - Loading data for index 188
2025-09-23 23:16:49,465 - INFO - Image path : artifacts/raw/Images\269.jpeg
2025-09-23 23:17:16,251 - INFO - Loading data for index 22
2025-09-23 23:17:16,251 - INFO - Image path : artifacts/raw/Images\119.jpeg
2025-09-23 23:17:16,277 - INFO - Loading data for index 4
2025-09-23 23:17:16,277 - INFO - Image path : artifacts/raw/Images\102.jpeg
2025-09-23 23:17:16,279 - INFO - Loading data for index 222
2025-09-23 23:17:16,279 - INFO - Image path : artifacts/raw/Images\3.jpeg
2025-09-23 23:17:43,496 - INFO - Loading data for index 127
2025-09-23 23:17:43,496 - INFO - Image path : artifacts/raw/Images\213.jpeg
2025-09-23 23:17:43,526 - INFO - Loading data for index 24
2025-09-23 23:17:43,526 - INFO - Image path : artifacts/raw/Images\120.jpeg
2025-09-23 23:17:43,532 - INFO - Loading data for index 221
2025-09-23 23:17:43,532 - INFO - Image path : artifacts/raw/Images\299.jpeg
2025-09-23 23:18:07,541 - INFO - Loading data for index 242
2025-09-23 23:18:07,541 - INFO - Image path : artifacts/raw/Images\317.jpeg
2025-09-23 23:18:07,546 - INFO - Loading data for index 194
2025-09-23 23:18:07,546 - INFO - Image path : artifacts/raw/Images\274.jpeg
2025-09-23 23:18:07,558 - INFO - Loading data for index 56
2025-09-23 23:18:07,558 - INFO - Image path : artifacts/raw/Images\15.jpeg
2025-09-23 23:18:26,297 - INFO - Loading data for index 207
2025-09-23 23:18:26,297 - INFO - Image path : artifacts/raw/Images\286.jpeg
2025-09-23 23:18:26,308 - INFO - Loading data for index 170
2025-09-23 23:18:26,308 - INFO - Image path : artifacts/raw/Images\252.jpeg
2025-09-23 23:18:26,315 - INFO - Loading data for index 200
2025-09-23 23:18:26,315 - INFO - Image path : artifacts/raw/Images\28.jpeg
2025-09-23 23:18:45,431 - INFO - Loading data for index 245
2025-09-23 23:18:45,431 - INFO - Image path : artifacts/raw/Images\32.jpeg
2025-09-23 23:18:45,455 - INFO - Loading data for index 284
2025-09-23 23:18:45,455 - INFO - Image path : artifacts/raw/Images\55.jpeg
2025-09-23 23:18:45,462 - INFO - Loading data for index 44
2025-09-23 23:18:45,462 - INFO - Image path : artifacts/raw/Images\139.jpeg
2025-09-23 23:19:10,256 - INFO - Loading data for index 176
2025-09-23 23:19:10,256 - INFO - Image path : artifacts/raw/Images\258.jpeg
2025-09-23 23:19:10,269 - INFO - Loading data for index 184
2025-09-23 23:19:10,269 - INFO - Image path : artifacts/raw/Images\265.jpeg
2025-09-23 23:19:10,271 - INFO - Loading data for index 52
2025-09-23 23:19:10,271 - INFO - Image path : artifacts/raw/Images\146.jpeg
2025-09-23 23:19:30,188 - INFO - Loading data for index 189
2025-09-23 23:19:30,188 - INFO - Image path : artifacts/raw/Images\27.jpeg
2025-09-23 23:19:30,205 - INFO - Loading data for index 171
2025-09-23 23:19:30,205 - INFO - Image path : artifacts/raw/Images\253.jpeg
2025-09-23 23:19:30,218 - INFO - Loading data for index 31
2025-09-23 23:19:30,218 - INFO - Image path : artifacts/raw/Images\127.jpeg
2025-09-23 23:19:57,941 - INFO - Loading data for index 99
2025-09-23 23:19:57,941 - INFO - Image path : artifacts/raw/Images\189.jpeg
2025-09-23 23:19:57,957 - INFO - Loading data for index 5
2025-09-23 23:19:57,957 - INFO - Image path : artifacts/raw/Images\103.jpeg
2025-09-23 23:19:57,961 - INFO - Loading data for index 38
2025-09-23 23:19:57,961 - INFO - Image path : artifacts/raw/Images\133.jpeg
2025-09-23 23:20:15,575 - INFO - Loading data for index 96
2025-09-23 23:20:15,575 - INFO - Image path : artifacts/raw/Images\186.jpeg
2025-09-23 23:20:15,591 - INFO - Loading data for index 227
2025-09-23 23:20:15,591 - INFO - Image path : artifacts/raw/Images\303.jpeg
2025-09-23 23:20:15,607 - INFO - Loading data for index 65
2025-09-23 23:20:15,607 - INFO - Image path : artifacts/raw/Images\158.jpeg
2025-09-23 23:20:33,154 - INFO - Loading data for index 30
2025-09-23 23:20:33,156 - INFO - Image path : artifacts/raw/Images\126.jpeg
2025-09-23 23:20:33,158 - INFO - Loading data for index 212
2025-09-23 23:20:33,160 - INFO - Image path : artifacts/raw/Images\290.jpeg
2025-09-23 23:20:33,176 - INFO - Loading data for index 234
2025-09-23 23:20:33,176 - INFO - Image path : artifacts/raw/Images\31.jpeg
2025-09-23 23:20:53,161 - INFO - Loading data for index 134
2025-09-23 23:20:53,161 - INFO - Image path : artifacts/raw/Images\22.jpeg
2025-09-23 23:20:53,169 - INFO - Loading data for index 46
2025-09-23 23:20:53,169 - INFO - Image path : artifacts/raw/Images\140.jpeg
2025-09-23 23:20:53,180 - INFO - Loading data for index 105
2025-09-23 23:20:53,180 - INFO - Image path : artifacts/raw/Images\194.jpeg
2025-09-23 23:21:23,093 - INFO - Epoch 1 - Avg Train Loss: 0.2349
2025-09-23 23:21:23,106 - INFO - Loading data for index 277
2025-09-23 23:21:23,106 - INFO - Image path : artifacts/raw/Images\49.jpeg
2025-09-23 23:21:23,106 - INFO - Loading data for index 248
2025-09-23 23:21:23,106 - INFO - Image path : artifacts/raw/Images\322.jpeg
2025-09-23 23:21:23,122 - INFO - Loading data for index 162
2025-09-23 23:21:23,122 - INFO - Image path : artifacts/raw/Images\245.jpeg
2025-09-23 23:21:30,941 - INFO - Loading data for index 107
2025-09-23 23:21:30,941 - INFO - Image path : artifacts/raw/Images\196.jpeg
2025-09-23 23:21:30,963 - INFO - Loading data for index 104
2025-09-23 23:21:30,963 - INFO - Image path : artifacts/raw/Images\193.jpeg
2025-09-23 23:21:30,979 - INFO - Loading data for index 220
2025-09-23 23:21:30,979 - INFO - Image path : artifacts/raw/Images\298.jpeg
2025-09-23 23:21:38,866 - INFO - Loading data for index 2
2025-09-23 23:21:38,866 - INFO - Image path : artifacts/raw/Images\100.jpeg
2025-09-23 23:21:38,866 - INFO - Loading data for index 58
2025-09-23 23:21:38,866 - INFO - Image path : artifacts/raw/Images\151.jpeg
2025-09-23 23:21:38,879 - INFO - Loading data for index 129
2025-09-23 23:21:38,879 - INFO - Image path : artifacts/raw/Images\215.jpeg
2025-09-23 23:21:49,569 - INFO - Loading data for index 152
2025-09-23 23:21:49,569 - INFO - Image path : artifacts/raw/Images\236.jpeg
2025-09-23 23:21:49,587 - INFO - Loading data for index 71
2025-09-23 23:21:49,587 - INFO - Image path : artifacts/raw/Images\163.jpeg
2025-09-23 23:21:49,601 - INFO - Loading data for index 142
2025-09-23 23:21:49,601 - INFO - Image path : artifacts/raw/Images\227.jpeg
2025-09-23 23:21:57,500 - INFO - Loading data for index 293
2025-09-23 23:21:57,500 - INFO - Image path : artifacts/raw/Images\63.jpeg
2025-09-23 23:21:57,518 - INFO - Loading data for index 137
2025-09-23 23:21:57,518 - INFO - Image path : artifacts/raw/Images\222.jpeg
2025-09-23 23:21:57,544 - INFO - Loading data for index 172
2025-09-23 23:21:57,544 - INFO - Image path : artifacts/raw/Images\254.jpeg
2025-09-23 23:22:06,246 - INFO - Loading data for index 106
2025-09-23 23:22:06,246 - INFO - Image path : artifacts/raw/Images\195.jpeg
2025-09-23 23:22:06,257 - INFO - Loading data for index 209
2025-09-23 23:22:06,257 - INFO - Image path : artifacts/raw/Images\288.jpeg
2025-09-23 23:22:06,273 - INFO - Loading data for index 164
2025-09-23 23:22:06,273 - INFO - Image path : artifacts/raw/Images\247.jpeg
2025-09-23 23:22:14,822 - INFO - Loading data for index 53
2025-09-23 23:22:14,822 - INFO - Image path : artifacts/raw/Images\147.jpeg
2025-09-23 23:22:14,840 - INFO - Loading data for index 228
2025-09-23 23:22:14,840 - INFO - Image path : artifacts/raw/Images\304.jpeg
2025-09-23 23:22:14,854 - INFO - Loading data for index 256
2025-09-23 23:22:14,854 - INFO - Image path : artifacts/raw/Images\33.jpeg
2025-09-23 23:22:22,617 - INFO - Loading data for index 267
2025-09-23 23:22:22,617 - INFO - Image path : artifacts/raw/Images\4.jpeg
2025-09-23 23:22:22,634 - INFO - Loading data for index 285
2025-09-23 23:22:22,634 - INFO - Image path : artifacts/raw/Images\56.jpeg
2025-09-23 23:22:22,644 - INFO - Loading data for index 72
2025-09-23 23:22:22,644 - INFO - Image path : artifacts/raw/Images\164.jpeg
2025-09-23 23:22:30,378 - INFO - Loading data for index 118
2025-09-23 23:22:30,378 - INFO - Image path : artifacts/raw/Images\205.jpeg
2025-09-23 23:22:30,410 - INFO - Loading data for index 257
2025-09-23 23:22:30,410 - INFO - Image path : artifacts/raw/Images\330.jpeg
2025-09-23 23:22:30,410 - INFO - Loading data for index 63
2025-09-23 23:22:30,410 - INFO - Image path : artifacts/raw/Images\156.jpeg
2025-09-23 23:22:38,919 - INFO - Loading data for index 218
2025-09-23 23:22:38,919 - INFO - Image path : artifacts/raw/Images\296.jpeg
2025-09-23 23:22:38,980 - INFO - Loading data for index 235
2025-09-23 23:22:38,980 - INFO - Image path : artifacts/raw/Images\310.jpeg
2025-09-23 23:22:39,001 - INFO - Loading data for index 253
2025-09-23 23:22:39,001 - INFO - Image path : artifacts/raw/Images\327.jpeg
2025-09-23 23:22:50,965 - INFO - Loading data for index 173
2025-09-23 23:22:50,965 - INFO - Image path : artifacts/raw/Images\255.jpeg
2025-09-23 23:22:50,980 - INFO - Loading data for index 114
2025-09-23 23:22:50,980 - INFO - Image path : artifacts/raw/Images\201.jpeg
2025-09-23 23:22:50,984 - INFO - Loading data for index 282
2025-09-23 23:22:50,984 - INFO - Image path : artifacts/raw/Images\53.jpeg
2025-09-23 23:23:01,325 - INFO - Loading data for index 16
2025-09-23 23:23:01,325 - INFO - Image path : artifacts/raw/Images\113.jpeg
2025-09-23 23:23:01,350 - INFO - Loading data for index 57
2025-09-23 23:23:01,350 - INFO - Image path : artifacts/raw/Images\150.jpeg
2025-09-23 23:23:01,360 - INFO - Loading data for index 186
2025-09-23 23:23:01,360 - INFO - Image path : artifacts/raw/Images\267.jpeg
2025-09-23 23:23:09,321 - INFO - Loading data for index 45
2025-09-23 23:23:09,321 - INFO - Image path : artifacts/raw/Images\14.jpeg
2025-09-23 23:23:09,362 - INFO - Loading data for index 120
2025-09-23 23:23:09,362 - INFO - Image path : artifacts/raw/Images\207.jpeg
2025-09-23 23:23:09,378 - INFO - Loading data for index 59
2025-09-23 23:23:09,378 - INFO - Image path : artifacts/raw/Images\152.jpeg
2025-09-23 23:23:20,800 - INFO - Loading data for index 260
2025-09-23 23:23:20,800 - INFO - Image path : artifacts/raw/Images\333.jpeg
2025-09-23 23:23:20,839 - INFO - Loading data for index 160
2025-09-23 23:23:20,839 - INFO - Image path : artifacts/raw/Images\243.jpeg
2025-09-23 23:23:20,839 - INFO - Loading data for index 40
2025-09-23 23:23:20,839 - INFO - Image path : artifacts/raw/Images\135.jpeg
2025-09-23 23:23:29,858 - INFO - Loading data for index 10
2025-09-23 23:23:29,858 - INFO - Image path : artifacts/raw/Images\108.jpeg
2025-09-23 23:23:29,901 - INFO - Loading data for index 196
2025-09-23 23:23:29,901 - INFO - Image path : artifacts/raw/Images\276.jpeg
2025-09-23 23:23:29,916 - INFO - Loading data for index 94
2025-09-23 23:23:29,916 - INFO - Image path : artifacts/raw/Images\184.jpeg
2025-09-23 23:23:40,473 - INFO - Loading data for index 271
2025-09-23 23:23:40,473 - INFO - Image path : artifacts/raw/Images\43.jpeg
2025-09-23 23:23:40,473 - INFO - Loading data for index 276
2025-09-23 23:23:40,473 - INFO - Image path : artifacts/raw/Images\48.jpeg
2025-09-23 23:23:40,480 - INFO - Loading data for index 291
2025-09-23 23:23:40,480 - INFO - Image path : artifacts/raw/Images\61.jpeg
2025-09-23 23:23:48,350 - INFO - Loading data for index 185
2025-09-23 23:23:48,350 - INFO - Image path : artifacts/raw/Images\266.jpeg
2025-09-23 23:23:48,385 - INFO - Loading data for index 84
2025-09-23 23:23:48,385 - INFO - Image path : artifacts/raw/Images\175.jpeg
2025-09-23 23:23:48,385 - INFO - Loading data for index 225
2025-09-23 23:23:48,385 - INFO - Image path : artifacts/raw/Images\301.jpeg
2025-09-23 23:23:56,166 - INFO - Loading data for index 55
2025-09-23 23:23:56,166 - INFO - Image path : artifacts/raw/Images\149.jpeg
2025-09-23 23:23:56,218 - INFO - Loading data for index 47
2025-09-23 23:23:56,218 - INFO - Image path : artifacts/raw/Images\141.jpeg
2025-09-23 23:23:56,222 - INFO - Loading data for index 64
2025-09-23 23:23:56,222 - INFO - Image path : artifacts/raw/Images\157.jpeg
2025-09-23 23:24:02,754 - INFO - Loading data for index 166
2025-09-23 23:24:02,754 - INFO - Image path : artifacts/raw/Images\249.jpeg
2025-09-23 23:24:02,770 - INFO - Loading data for index 128
2025-09-23 23:24:02,770 - INFO - Image path : artifacts/raw/Images\214.jpeg
2025-09-23 23:24:02,774 - INFO - Loading data for index 83
2025-09-23 23:24:02,774 - INFO - Image path : artifacts/raw/Images\174.jpeg
2025-09-23 23:24:14,810 - INFO - Loading data for index 178
2025-09-23 23:24:14,810 - INFO - Image path : artifacts/raw/Images\26.jpeg
2025-09-23 23:24:14,850 - INFO - Loading data for index 111
2025-09-23 23:24:14,850 - INFO - Image path : artifacts/raw/Images\2.jpeg
2025-09-23 23:24:14,866 - INFO - Loading data for index 289
2025-09-23 23:24:14,866 - INFO - Image path : artifacts/raw/Images\6.jpeg
2025-09-23 23:24:22,526 - INFO - Epoch 1 - Avg Val Loss: 0.2289
2025-09-23 23:24:22,841 - INFO - Model saved at artifacts/models/fasterrcnn.pth
2025-09-23 23:24:22,846 - INFO - Training completed successfully
